<?xml version="1.0" encoding="UTF-8"?>
<!-- Generated by org.testng.reporters.JUnitReportReporter -->
<testsuite hostname="Personal-Device" failures="0" tests="1" name="tests.LoginTest" time="13.131" errors="0" timestamp="2025-09-21T12:14:45 IST" skipped="0">
  <testcase classname="tests.LoginTest" name="testValidLogin" time="13.131"/>
</testsuite> <!-- tests.LoginTest -->
